{"/code/server.js": {"path":"/code/server.js","statementMap":{"0":{"start":{"line":1,"column":16},"end":{"line":1,"column":34}},"1":{"start":{"line":2,"column":15},"end":{"line":2,"column":24}},"2":{"start":{"line":3,"column":13},"end":{"line":3,"column":28}},"3":{"start":{"line":5,"column":0},"end":{"line":5,"column":19}},"4":{"start":{"line":6,"column":0},"end":{"line":6,"column":27}},"5":{"start":{"line":8,"column":19},"end":{"line":8,"column":50}},"6":{"start":{"line":9,"column":20},"end":{"line":9,"column":51}},"7":{"start":{"line":11,"column":0},"end":{"line":11,"column":33}},"8":{"start":{"line":12,"column":0},"end":{"line":12,"column":35}},"9":{"start":{"line":14,"column":0},"end":{"line":14,"column":64}},"10":{"start":{"line":14,"column":30},"end":{"line":14,"column":62}},"11":{"start":{"line":16,"column":0},"end":{"line":16,"column":24}}},"fnMap":{"0":{"name":"(anonymous_0)","decl":{"start":{"line":14,"column":16},"end":{"line":14,"column":17}},"loc":{"start":{"line":14,"column":30},"end":{"line":14,"column":62}},"line":14}},"branchMap":{},"s":{"0":3,"1":3,"2":3,"3":3,"4":3,"5":3,"6":3,"7":3,"8":3,"9":3,"10":1,"11":3},"f":{"0":1},"b":{},"_coverageSchema":"1a1c01bbd47fc00a2c39e90264f33305004495a9","hash":"bc5ef7e7938c154f255723989f6f4af714779acd"}
,"/code/controllers/habits.js": {"path":"/code/controllers/habits.js","statementMap":{"0":{"start":{"line":1,"column":14},"end":{"line":1,"column":40}},"1":{"start":{"line":4,"column":2},"end":{"line":11,"column":3}},"2":{"start":{"line":5,"column":4},"end":{"line":5,"column":45}},"3":{"start":{"line":6,"column":18},"end":{"line":6,"column":51}},"4":{"start":{"line":7,"column":4},"end":{"line":7,"column":23}},"5":{"start":{"line":8,"column":4},"end":{"line":8,"column":36}},"6":{"start":{"line":10,"column":4},"end":{"line":10,"column":65}},"7":{"start":{"line":15,"column":2},"end":{"line":21,"column":3}},"8":{"start":{"line":16,"column":4},"end":{"line":16,"column":50}},"9":{"start":{"line":17,"column":18},"end":{"line":17,"column":61}},"10":{"start":{"line":18,"column":4},"end":{"line":18,"column":32}},"11":{"start":{"line":20,"column":4},"end":{"line":20,"column":72}},"12":{"start":{"line":25,"column":2},"end":{"line":30,"column":3}},"13":{"start":{"line":26,"column":18},"end":{"line":26,"column":55}},"14":{"start":{"line":27,"column":4},"end":{"line":27,"column":32}},"15":{"start":{"line":29,"column":4},"end":{"line":29,"column":69}},"16":{"start":{"line":34,"column":2},"end":{"line":43,"column":3}},"17":{"start":{"line":37,"column":19},"end":{"line":37,"column":64}},"18":{"start":{"line":38,"column":4},"end":{"line":38,"column":23}},"19":{"start":{"line":39,"column":4},"end":{"line":39,"column":32}},"20":{"start":{"line":42,"column":4},"end":{"line":42,"column":39}},"21":{"start":{"line":48,"column":2},"end":{"line":53,"column":3}},"22":{"start":{"line":49,"column":18},"end":{"line":49,"column":54}},"23":{"start":{"line":50,"column":4},"end":{"line":50,"column":47}},"24":{"start":{"line":52,"column":4},"end":{"line":52,"column":34}},"25":{"start":{"line":56,"column":0},"end":{"line":62,"column":2}}},"fnMap":{"0":{"name":"createHabit","decl":{"start":{"line":3,"column":15},"end":{"line":3,"column":26}},"loc":{"start":{"line":3,"column":37},"end":{"line":12,"column":1}},"line":3},"1":{"name":"filterHabitsByEmail","decl":{"start":{"line":14,"column":15},"end":{"line":14,"column":34}},"loc":{"start":{"line":14,"column":45},"end":{"line":22,"column":1}},"line":14},"2":{"name":"findHabitById","decl":{"start":{"line":24,"column":15},"end":{"line":24,"column":28}},"loc":{"start":{"line":24,"column":39},"end":{"line":31,"column":1}},"line":24},"3":{"name":"increaseRepCounter","decl":{"start":{"line":33,"column":15},"end":{"line":33,"column":33}},"loc":{"start":{"line":33,"column":43},"end":{"line":44,"column":1}},"line":33},"4":{"name":"deleteHabit","decl":{"start":{"line":47,"column":15},"end":{"line":47,"column":26}},"loc":{"start":{"line":47,"column":37},"end":{"line":54,"column":1}},"line":47}},"branchMap":{},"s":{"0":3,"1":6,"2":6,"3":6,"4":5,"5":5,"6":1,"7":2,"8":2,"9":2,"10":2,"11":0,"12":2,"13":2,"14":0,"15":2,"16":2,"17":2,"18":1,"19":1,"20":1,"21":1,"22":1,"23":1,"24":0,"25":3},"f":{"0":6,"1":2,"2":2,"3":2,"4":1},"b":{},"_coverageSchema":"1a1c01bbd47fc00a2c39e90264f33305004495a9","hash":"64ae44e3ae650e412dd5c002644d4eff9ebf5b21"}
,"/code/controllers/users.js": {"path":"/code/controllers/users.js","statementMap":{"0":{"start":{"line":1,"column":13},"end":{"line":1,"column":38}},"1":{"start":{"line":2,"column":15},"end":{"line":2,"column":34}},"2":{"start":{"line":3,"column":12},"end":{"line":3,"column":35}},"3":{"start":{"line":4,"column":0},"end":{"line":4,"column":27}},"4":{"start":{"line":8,"column":2},"end":{"line":18,"column":3}},"5":{"start":{"line":9,"column":17},"end":{"line":9,"column":39}},"6":{"start":{"line":10,"column":19},"end":{"line":10,"column":65}},"7":{"start":{"line":11,"column":20},"end":{"line":14,"column":6}},"8":{"start":{"line":15,"column":4},"end":{"line":15,"column":34}},"9":{"start":{"line":17,"column":4},"end":{"line":17,"column":60}},"10":{"start":{"line":22,"column":2},"end":{"line":55,"column":3}},"11":{"start":{"line":23,"column":15},"end":{"line":23,"column":53}},"12":{"start":{"line":24,"column":4},"end":{"line":24,"column":26}},"13":{"start":{"line":25,"column":4},"end":{"line":27,"column":5}},"14":{"start":{"line":26,"column":6},"end":{"line":26,"column":49}},"15":{"start":{"line":28,"column":26},"end":{"line":31,"column":5}},"16":{"start":{"line":32,"column":4},"end":{"line":52,"column":5}},"17":{"start":{"line":33,"column":22},"end":{"line":33,"column":68}},"18":{"start":{"line":34,"column":6},"end":{"line":39,"column":8}},"19":{"start":{"line":41,"column":8},"end":{"line":43,"column":9}},"20":{"start":{"line":42,"column":10},"end":{"line":42,"column":58}},"21":{"start":{"line":44,"column":8},"end":{"line":48,"column":11}},"22":{"start":{"line":51,"column":6},"end":{"line":51,"column":57}},"23":{"start":{"line":54,"column":4},"end":{"line":54,"column":67}},"24":{"start":{"line":59,"column":2},"end":{"line":59,"column":44}},"25":{"start":{"line":60,"column":17},"end":{"line":60,"column":45}},"26":{"start":{"line":61,"column":2},"end":{"line":73,"column":3}},"27":{"start":{"line":62,"column":18},"end":{"line":62,"column":38}},"28":{"start":{"line":63,"column":4},"end":{"line":70,"column":7}},"29":{"start":{"line":65,"column":6},"end":{"line":69,"column":7}},"30":{"start":{"line":66,"column":8},"end":{"line":66,"column":60}},"31":{"start":{"line":68,"column":8},"end":{"line":68,"column":15}},"32":{"start":{"line":72,"column":4},"end":{"line":72,"column":57}},"33":{"start":{"line":76,"column":0},"end":{"line":76,"column":52}}},"fnMap":{"0":{"name":"createUser","decl":{"start":{"line":6,"column":15},"end":{"line":6,"column":25}},"loc":{"start":{"line":6,"column":36},"end":{"line":19,"column":1}},"line":6},"1":{"name":"login","decl":{"start":{"line":21,"column":15},"end":{"line":21,"column":20}},"loc":{"start":{"line":21,"column":31},"end":{"line":56,"column":1}},"line":21},"2":{"name":"sendToken","decl":{"start":{"line":40,"column":15},"end":{"line":40,"column":24}},"loc":{"start":{"line":40,"column":37},"end":{"line":49,"column":7}},"line":40},"3":{"name":"verifyToken","decl":{"start":{"line":58,"column":9},"end":{"line":58,"column":20}},"loc":{"start":{"line":58,"column":37},"end":{"line":74,"column":1}},"line":58},"4":{"name":"(anonymous_4)","decl":{"start":{"line":63,"column":55},"end":{"line":63,"column":56}},"loc":{"start":{"line":63,"column":70},"end":{"line":70,"column":5}},"line":63}},"branchMap":{"0":{"loc":{"start":{"line":25,"column":4},"end":{"line":27,"column":5}},"type":"if","locations":[{"start":{"line":25,"column":4},"end":{"line":27,"column":5}},{"start":{},"end":{}}],"line":25},"1":{"loc":{"start":{"line":32,"column":4},"end":{"line":52,"column":5}},"type":"if","locations":[{"start":{"line":32,"column":4},"end":{"line":52,"column":5}},{"start":{"line":50,"column":11},"end":{"line":52,"column":5}}],"line":32},"2":{"loc":{"start":{"line":41,"column":8},"end":{"line":43,"column":9}},"type":"if","locations":[{"start":{"line":41,"column":8},"end":{"line":43,"column":9}},{"start":{},"end":{}}],"line":41},"3":{"loc":{"start":{"line":61,"column":2},"end":{"line":73,"column":3}},"type":"if","locations":[{"start":{"line":61,"column":2},"end":{"line":73,"column":3}},{"start":{"line":71,"column":9},"end":{"line":73,"column":3}}],"line":61},"4":{"loc":{"start":{"line":65,"column":6},"end":{"line":69,"column":7}},"type":"if","locations":[{"start":{"line":65,"column":6},"end":{"line":69,"column":7}},{"start":{"line":67,"column":13},"end":{"line":69,"column":7}}],"line":65}},"s":{"0":3,"1":3,"2":3,"3":3,"4":4,"5":4,"6":4,"7":3,"8":3,"9":1,"10":3,"11":3,"12":2,"13":2,"14":0,"15":2,"16":2,"17":1,"18":1,"19":1,"20":0,"21":1,"22":1,"23":2,"24":0,"25":0,"26":0,"27":0,"28":0,"29":0,"30":0,"31":0,"32":0,"33":3},"f":{"0":4,"1":3,"2":1,"3":0,"4":0},"b":{"0":[0,2],"1":[1,1],"2":[0,1],"3":[0,0],"4":[0,0]},"_coverageSchema":"1a1c01bbd47fc00a2c39e90264f33305004495a9","hash":"41afd123a7f88aa0bb13c8d31a9c01d8458176be"}
,"/code/db_config/config.js": {"path":"/code/db_config/config.js","statementMap":{"0":{"start":{"line":1,"column":17},"end":{"line":1,"column":30}},"1":{"start":{"line":3,"column":13},"end":{"line":3,"column":23}},"2":{"start":{"line":5,"column":0},"end":{"line":5,"column":22}}},"fnMap":{},"branchMap":{},"s":{"0":3,"1":3,"2":3},"f":{},"b":{},"_coverageSchema":"1a1c01bbd47fc00a2c39e90264f33305004495a9","hash":"083bba6bf3421cc4ee6a13909ec35f95b2d69dd7"}
,"/code/models/habit.js": {"path":"/code/models/habit.js","statementMap":{"0":{"start":{"line":1,"column":11},"end":{"line":1,"column":41}},"1":{"start":{"line":5,"column":4},"end":{"line":5,"column":22}},"2":{"start":{"line":6,"column":4},"end":{"line":6,"column":28}},"3":{"start":{"line":7,"column":4},"end":{"line":7,"column":34}},"4":{"start":{"line":8,"column":4},"end":{"line":8,"column":38}},"5":{"start":{"line":9,"column":4},"end":{"line":9,"column":46}},"6":{"start":{"line":10,"column":4},"end":{"line":10,"column":30}},"7":{"start":{"line":11,"column":4},"end":{"line":11,"column":36}},"8":{"start":{"line":28,"column":4},"end":{"line":51,"column":7}},"9":{"start":{"line":29,"column":6},"end":{"line":50,"column":7}},"10":{"start":{"line":31,"column":10},"end":{"line":31,"column":14}},"11":{"start":{"line":32,"column":32},"end":{"line":32,"column":43}},"12":{"start":{"line":33,"column":34},"end":{"line":33,"column":49}},"13":{"start":{"line":34,"column":29},"end":{"line":34,"column":36}},"14":{"start":{"line":35,"column":21},"end":{"line":45,"column":9}},"15":{"start":{"line":46,"column":20},"end":{"line":46,"column":45}},"16":{"start":{"line":47,"column":8},"end":{"line":47,"column":19}},"17":{"start":{"line":49,"column":8},"end":{"line":49,"column":37}},"18":{"start":{"line":55,"column":4},"end":{"line":66,"column":7}},"19":{"start":{"line":56,"column":6},"end":{"line":65,"column":7}},"20":{"start":{"line":57,"column":26},"end":{"line":57,"column":30}},"21":{"start":{"line":58,"column":21},"end":{"line":60,"column":10}},"22":{"start":{"line":61,"column":21},"end":{"line":61,"column":32}},"23":{"start":{"line":62,"column":8},"end":{"line":62,"column":20}},"24":{"start":{"line":64,"column":8},"end":{"line":64,"column":51}},"25":{"start":{"line":70,"column":4},"end":{"line":82,"column":7}},"26":{"start":{"line":71,"column":6},"end":{"line":81,"column":7}},"27":{"start":{"line":73,"column":21},"end":{"line":75,"column":10}},"28":{"start":{"line":76,"column":8},"end":{"line":76,"column":70}},"29":{"start":{"line":76,"column":35},"end":{"line":76,"column":70}},"30":{"start":{"line":77,"column":20},"end":{"line":77,"column":34}},"31":{"start":{"line":78,"column":8},"end":{"line":78,"column":19}},"32":{"start":{"line":80,"column":8},"end":{"line":80,"column":49}},"33":{"start":{"line":86,"column":4},"end":{"line":107,"column":6}},"34":{"start":{"line":87,"column":6},"end":{"line":106,"column":7}},"35":{"start":{"line":88,"column":8},"end":{"line":88,"column":36}},"36":{"start":{"line":89,"column":26},"end":{"line":89,"column":55}},"37":{"start":{"line":90,"column":8},"end":{"line":90,"column":30}},"38":{"start":{"line":96,"column":8},"end":{"line":102,"column":9}},"39":{"start":{"line":97,"column":10},"end":{"line":97,"column":30}},"40":{"start":{"line":99,"column":32},"end":{"line":99,"column":121}},"41":{"start":{"line":101,"column":10},"end":{"line":101,"column":46}},"42":{"start":{"line":105,"column":8},"end":{"line":105,"column":59}},"43":{"start":{"line":111,"column":4},"end":{"line":120,"column":7}},"44":{"start":{"line":112,"column":6},"end":{"line":119,"column":7}},"45":{"start":{"line":113,"column":23},"end":{"line":115,"column":10}},"46":{"start":{"line":116,"column":8},"end":{"line":116,"column":33}},"47":{"start":{"line":118,"column":8},"end":{"line":118,"column":42}},"48":{"start":{"line":124,"column":0},"end":{"line":124,"column":23}}},"fnMap":{"0":{"name":"(anonymous_0)","decl":{"start":{"line":4,"column":2},"end":{"line":4,"column":3}},"loc":{"start":{"line":4,"column":20},"end":{"line":13,"column":3}},"line":4},"1":{"name":"(anonymous_1)","decl":{"start":{"line":27,"column":2},"end":{"line":27,"column":3}},"loc":{"start":{"line":27,"column":27},"end":{"line":52,"column":3}},"line":27},"2":{"name":"(anonymous_2)","decl":{"start":{"line":28,"column":23},"end":{"line":28,"column":24}},"loc":{"start":{"line":28,"column":43},"end":{"line":51,"column":5}},"line":28},"3":{"name":"(anonymous_3)","decl":{"start":{"line":54,"column":2},"end":{"line":54,"column":3}},"loc":{"start":{"line":54,"column":35},"end":{"line":67,"column":3}},"line":54},"4":{"name":"(anonymous_4)","decl":{"start":{"line":55,"column":23},"end":{"line":55,"column":24}},"loc":{"start":{"line":55,"column":43},"end":{"line":66,"column":5}},"line":55},"5":{"name":"(anonymous_5)","decl":{"start":{"line":69,"column":2},"end":{"line":69,"column":3}},"loc":{"start":{"line":69,"column":27},"end":{"line":83,"column":3}},"line":69},"6":{"name":"(anonymous_6)","decl":{"start":{"line":70,"column":23},"end":{"line":70,"column":24}},"loc":{"start":{"line":70,"column":43},"end":{"line":82,"column":5}},"line":70},"7":{"name":"(anonymous_7)","decl":{"start":{"line":85,"column":2},"end":{"line":85,"column":3}},"loc":{"start":{"line":85,"column":31},"end":{"line":108,"column":3}},"line":85},"8":{"name":"(anonymous_8)","decl":{"start":{"line":86,"column":24},"end":{"line":86,"column":25}},"loc":{"start":{"line":86,"column":42},"end":{"line":107,"column":5}},"line":86},"9":{"name":"(anonymous_9)","decl":{"start":{"line":110,"column":2},"end":{"line":110,"column":3}},"loc":{"start":{"line":110,"column":25},"end":{"line":121,"column":3}},"line":110},"10":{"name":"(anonymous_10)","decl":{"start":{"line":111,"column":23},"end":{"line":111,"column":24}},"loc":{"start":{"line":111,"column":43},"end":{"line":120,"column":5}},"line":111}},"branchMap":{"0":{"loc":{"start":{"line":76,"column":8},"end":{"line":76,"column":70}},"type":"if","locations":[{"start":{"line":76,"column":8},"end":{"line":76,"column":70}},{"start":{},"end":{}}],"line":76},"1":{"loc":{"start":{"line":96,"column":8},"end":{"line":102,"column":9}},"type":"if","locations":[{"start":{"line":96,"column":8},"end":{"line":102,"column":9}},{"start":{"line":98,"column":13},"end":{"line":102,"column":9}}],"line":96}},"s":{"0":3,"1":5,"2":5,"3":5,"4":5,"5":5,"6":5,"7":5,"8":6,"9":6,"10":6,"11":6,"12":6,"13":6,"14":6,"15":5,"16":5,"17":1,"18":2,"19":2,"20":2,"21":2,"22":2,"23":2,"24":0,"25":4,"26":4,"27":4,"28":2,"29":1,"30":1,"31":1,"32":3,"33":2,"34":2,"35":2,"36":2,"37":1,"38":1,"39":0,"40":1,"41":1,"42":1,"43":1,"44":1,"45":1,"46":1,"47":0,"48":3},"f":{"0":5,"1":6,"2":6,"3":2,"4":2,"5":4,"6":4,"7":2,"8":2,"9":1,"10":1},"b":{"0":[1,1],"1":[0,1]},"_coverageSchema":"1a1c01bbd47fc00a2c39e90264f33305004495a9","hash":"5726d9f33c012071e4c72c86829c0fd6f4f74959"}
,"/code/models/user.js": {"path":"/code/models/user.js","statementMap":{"0":{"start":{"line":1,"column":11},"end":{"line":1,"column":41}},"1":{"start":{"line":5,"column":8},"end":{"line":5,"column":37}},"2":{"start":{"line":6,"column":8},"end":{"line":6,"column":31}},"3":{"start":{"line":7,"column":8},"end":{"line":7,"column":45}},"4":{"start":{"line":12,"column":8},"end":{"line":25,"column":10}},"5":{"start":{"line":13,"column":12},"end":{"line":23,"column":13}},"6":{"start":{"line":14,"column":56},"end":{"line":14,"column":60}},"7":{"start":{"line":16,"column":31},"end":{"line":16,"column":166}},"8":{"start":{"line":17,"column":27},"end":{"line":17,"column":53}},"9":{"start":{"line":19,"column":16},"end":{"line":19,"column":29}},"10":{"start":{"line":21,"column":16},"end":{"line":21,"column":43}},"11":{"start":{"line":30,"column":8},"end":{"line":38,"column":10}},"12":{"start":{"line":31,"column":12},"end":{"line":37,"column":13}},"13":{"start":{"line":32,"column":31},"end":{"line":32,"column":97}},"14":{"start":{"line":33,"column":27},"end":{"line":33,"column":53}},"15":{"start":{"line":34,"column":16},"end":{"line":34,"column":29}},"16":{"start":{"line":36,"column":16},"end":{"line":36,"column":47}},"17":{"start":{"line":42,"column":0},"end":{"line":42,"column":21}}},"fnMap":{"0":{"name":"(anonymous_0)","decl":{"start":{"line":4,"column":4},"end":{"line":4,"column":5}},"loc":{"start":{"line":4,"column":22},"end":{"line":8,"column":5}},"line":4},"1":{"name":"(anonymous_1)","decl":{"start":{"line":11,"column":4},"end":{"line":11,"column":5}},"loc":{"start":{"line":11,"column":28},"end":{"line":27,"column":5}},"line":11},"2":{"name":"(anonymous_2)","decl":{"start":{"line":12,"column":27},"end":{"line":12,"column":28}},"loc":{"start":{"line":12,"column":54},"end":{"line":25,"column":9}},"line":12},"3":{"name":"(anonymous_3)","decl":{"start":{"line":29,"column":4},"end":{"line":29,"column":5}},"loc":{"start":{"line":29,"column":31},"end":{"line":39,"column":5}},"line":29},"4":{"name":"(anonymous_4)","decl":{"start":{"line":30,"column":27},"end":{"line":30,"column":28}},"loc":{"start":{"line":30,"column":54},"end":{"line":38,"column":9}},"line":30}},"branchMap":{},"s":{"0":3,"1":6,"2":5,"3":5,"4":3,"5":3,"6":3,"7":3,"8":3,"9":3,"10":0,"11":3,"12":3,"13":3,"14":3,"15":2,"16":1,"17":3},"f":{"0":6,"1":3,"2":3,"3":3,"4":3},"b":{},"_coverageSchema":"1a1c01bbd47fc00a2c39e90264f33305004495a9","hash":"34edb95b11c78290de70a1d7e7e8aad49371cf06"}
,"/code/routes/habitRoutes.js": {"path":"/code/routes/habitRoutes.js","statementMap":{"0":{"start":{"line":1,"column":16},"end":{"line":1,"column":34}},"1":{"start":{"line":2,"column":15},"end":{"line":2,"column":31}},"2":{"start":{"line":3,"column":24},"end":{"line":3,"column":56}},"3":{"start":{"line":4,"column":41},"end":{"line":4,"column":72}},"4":{"start":{"line":6,"column":0},"end":{"line":6,"column":46}},"5":{"start":{"line":7,"column":0},"end":{"line":7,"column":59}},"6":{"start":{"line":8,"column":0},"end":{"line":8,"column":57}},"7":{"start":{"line":9,"column":0},"end":{"line":9,"column":56}},"8":{"start":{"line":10,"column":0},"end":{"line":10,"column":62}},"9":{"start":{"line":12,"column":0},"end":{"line":12,"column":24}}},"fnMap":{},"branchMap":{},"s":{"0":3,"1":3,"2":3,"3":3,"4":3,"5":3,"6":3,"7":3,"8":3,"9":3},"f":{},"b":{},"_coverageSchema":"1a1c01bbd47fc00a2c39e90264f33305004495a9","hash":"00d598478f420ae18f5be77c6aa253a5d852d0b7"}
,"/code/routes/usersRoutes.js": {"path":"/code/routes/usersRoutes.js","statementMap":{"0":{"start":{"line":1,"column":16},"end":{"line":1,"column":34}},"1":{"start":{"line":2,"column":15},"end":{"line":2,"column":31}},"2":{"start":{"line":3,"column":23},"end":{"line":3,"column":54}},"3":{"start":{"line":6,"column":0},"end":{"line":6,"column":52}},"4":{"start":{"line":7,"column":0},"end":{"line":7,"column":44}},"5":{"start":{"line":9,"column":0},"end":{"line":9,"column":24}}},"fnMap":{},"branchMap":{},"s":{"0":3,"1":3,"2":3,"3":3,"4":3,"5":3},"f":{},"b":{},"_coverageSchema":"1a1c01bbd47fc00a2c39e90264f33305004495a9","hash":"f8ba65f8ee57a8bbd0f8b7f80b2f0d08b4f1112e"}
}
