TN:
SF:server.js
FN:14,(anonymous_0)
FNF:1
FNH:1
FNDA:1,(anonymous_0)
DA:1,3
DA:2,3
DA:3,3
DA:5,3
DA:6,3
DA:8,3
DA:9,3
DA:11,3
DA:12,3
DA:14,3
DA:16,3
LF:11
LH:11
BRF:0
BRH:0
end_of_record
TN:
SF:controllers/habits.js
FN:3,createHabit
FN:14,filterHabitsByEmail
FN:24,findHabitById
FN:33,increaseRepCounter
FN:47,deleteHabit
FNF:5
FNH:5
FNDA:6,createHabit
FNDA:2,filterHabitsByEmail
FNDA:2,findHabitById
FNDA:2,increaseRepCounter
FNDA:1,deleteHabit
DA:1,3
DA:4,6
DA:5,6
DA:6,6
DA:7,5
DA:8,5
DA:10,1
DA:15,2
DA:16,2
DA:17,2
DA:18,2
DA:20,0
DA:25,2
DA:26,2
DA:27,0
DA:29,2
DA:34,2
DA:37,2
DA:38,1
DA:39,1
DA:42,1
DA:48,1
DA:49,1
DA:50,1
DA:52,0
DA:56,3
LF:26
LH:23
BRF:0
BRH:0
end_of_record
TN:
SF:controllers/users.js
FN:6,createUser
FN:21,login
FN:40,sendToken
FN:58,verifyToken
FN:63,(anonymous_4)
FNF:5
FNH:3
FNDA:4,createUser
FNDA:3,login
FNDA:1,sendToken
FNDA:0,verifyToken
FNDA:0,(anonymous_4)
DA:1,3
DA:2,3
DA:3,3
DA:4,3
DA:8,4
DA:9,4
DA:10,4
DA:11,3
DA:15,3
DA:17,1
DA:22,3
DA:23,3
DA:24,2
DA:25,2
DA:26,0
DA:28,2
DA:32,2
DA:33,1
DA:34,1
DA:41,1
DA:42,0
DA:44,1
DA:51,1
DA:54,2
DA:59,0
DA:60,0
DA:61,0
DA:62,0
DA:63,0
DA:65,0
DA:66,0
DA:68,0
DA:72,0
DA:76,3
LF:34
LH:23
BRDA:25,0,0,0
BRDA:25,0,1,2
BRDA:32,1,0,1
BRDA:32,1,1,1
BRDA:41,2,0,0
BRDA:41,2,1,1
BRDA:61,3,0,0
BRDA:61,3,1,0
BRDA:65,4,0,0
BRDA:65,4,1,0
BRF:10
BRH:4
end_of_record
TN:
SF:db_config/config.js
FNF:0
FNH:0
DA:1,3
DA:3,3
DA:5,3
LF:3
LH:3
BRF:0
BRH:0
end_of_record
TN:
SF:models/habit.js
FN:4,(anonymous_0)
FN:27,(anonymous_1)
FN:28,(anonymous_2)
FN:54,(anonymous_3)
FN:55,(anonymous_4)
FN:69,(anonymous_5)
FN:70,(anonymous_6)
FN:85,(anonymous_7)
FN:86,(anonymous_8)
FN:110,(anonymous_9)
FN:111,(anonymous_10)
FNF:11
FNH:11
FNDA:5,(anonymous_0)
FNDA:6,(anonymous_1)
FNDA:6,(anonymous_2)
FNDA:2,(anonymous_3)
FNDA:2,(anonymous_4)
FNDA:4,(anonymous_5)
FNDA:4,(anonymous_6)
FNDA:2,(anonymous_7)
FNDA:2,(anonymous_8)
FNDA:1,(anonymous_9)
FNDA:1,(anonymous_10)
DA:1,3
DA:5,5
DA:6,5
DA:7,5
DA:8,5
DA:9,5
DA:10,5
DA:11,5
DA:28,6
DA:29,6
DA:31,6
DA:32,6
DA:33,6
DA:34,6
DA:35,6
DA:46,5
DA:47,5
DA:49,1
DA:55,2
DA:56,2
DA:57,2
DA:58,2
DA:61,2
DA:62,2
DA:64,0
DA:70,4
DA:71,4
DA:73,4
DA:76,2
DA:77,1
DA:78,1
DA:80,3
DA:86,2
DA:87,2
DA:88,2
DA:89,2
DA:90,1
DA:96,1
DA:97,0
DA:99,1
DA:101,1
DA:105,1
DA:111,1
DA:112,1
DA:113,1
DA:116,1
DA:118,0
DA:124,3
LF:48
LH:45
BRDA:76,0,0,1
BRDA:76,0,1,1
BRDA:96,1,0,0
BRDA:96,1,1,1
BRF:4
BRH:3
end_of_record
TN:
SF:models/user.js
FN:4,(anonymous_0)
FN:11,(anonymous_1)
FN:12,(anonymous_2)
FN:29,(anonymous_3)
FN:30,(anonymous_4)
FNF:5
FNH:5
FNDA:6,(anonymous_0)
FNDA:3,(anonymous_1)
FNDA:3,(anonymous_2)
FNDA:3,(anonymous_3)
FNDA:3,(anonymous_4)
DA:1,3
DA:5,6
DA:6,5
DA:7,5
DA:12,3
DA:13,3
DA:14,3
DA:16,3
DA:17,3
DA:19,3
DA:21,0
DA:30,3
DA:31,3
DA:32,3
DA:33,3
DA:34,2
DA:36,1
DA:42,3
LF:18
LH:17
BRF:0
BRH:0
end_of_record
TN:
SF:routes/habitRoutes.js
FNF:0
FNH:0
DA:1,3
DA:2,3
DA:3,3
DA:4,3
DA:6,3
DA:7,3
DA:8,3
DA:9,3
DA:10,3
DA:12,3
LF:10
LH:10
BRF:0
BRH:0
end_of_record
TN:
SF:routes/usersRoutes.js
FNF:0
FNH:0
DA:1,3
DA:2,3
DA:3,3
DA:6,3
DA:7,3
DA:9,3
LF:6
LH:6
BRF:0
BRH:0
end_of_record
